<?xml version="1.0" encoding="UTF-8"?>
<coverage generated="1632299067999" clover="3.2.0">
  <project timestamp="1632299068000" name="All files">
    <metrics statements="15" coveredstatements="15" conditionals="1" coveredconditionals="0" methods="6" coveredmethods="6" elements="22" coveredelements="21" complexity="0" loc="15" ncloc="15" packages="3" files="3" classes="3"/>
    <package name="api">
      <metrics statements="1" coveredstatements="1" conditionals="0" coveredconditionals="0" methods="0" coveredmethods="0"/>
      <file name="pokemonApi.js" path="D:\DAW\Vue\04-pokemon-game\src\api\pokemonApi.js">
        <metrics statements="1" coveredstatements="1" conditionals="0" coveredconditionals="0" methods="0" coveredmethods="0"/>
        <line num="3" count="2" type="stmt"/>
      </file>
    </package>
    <package name="components">
      <metrics statements="2" coveredstatements="2" conditionals="0" coveredconditionals="0" methods="1" coveredmethods="1"/>
      <file name="PokemonPicture.vue" path="D:\DAW\Vue\04-pokemon-game\src\components\PokemonPicture.vue">
        <metrics statements="2" coveredstatements="2" conditionals="0" coveredconditionals="0" methods="1" coveredmethods="1"/>
        <line num="17" count="1" type="stmt"/>
        <line num="33" count="1" type="stmt"/>
      </file>
    </package>
    <package name="helpers">
      <metrics statements="12" coveredstatements="12" conditionals="1" coveredconditionals="0" methods="5" coveredmethods="5"/>
      <file name="getPokemonOptions.js" path="D:\DAW\Vue\04-pokemon-game\src\helpers\getPokemonOptions.js">
        <metrics statements="12" coveredstatements="12" conditionals="1" coveredconditionals="0" methods="5" coveredmethods="5"/>
        <line num="3" count="1" type="stmt"/>
        <line num="4" count="2" type="stmt"/>
        <line num="6" count="1300" type="stmt"/>
        <line num="9" count="1" type="stmt"/>
        <line num="10" count="1" type="stmt"/>
        <line num="11" count="4901" type="stmt"/>
        <line num="13" count="1" type="stmt"/>
        <line num="15" count="1" type="stmt"/>
        <line num="18" count="1" type="cond" truecount="0" falsecount="1"/>
        <line num="23" count="2" type="stmt"/>
        <line num="30" count="2" type="stmt"/>
        <line num="32" count="2" type="stmt"/>
      </file>
    </package>
  </project>
</coverage>
