{"D:\\DAW\\Vue\\04-pokemon-game\\src\\api\\pokemonApi.js": {"path":"D:\\DAW\\Vue\\04-pokemon-game\\src\\api\\pokemonApi.js","statementMap":{"0":{"start":{"line":3,"column":19},"end":{"line":5,"column":2}}},"fnMap":{},"branchMap":{},"s":{"0":2},"f":{},"b":{},"_coverageSchema":"43e27e138ebf9cfc5966b082cf9a028302ed4184","hash":"64550686f39cc9634eb1393a11ffd3d863a37ecb"}
,"D:\\DAW\\Vue\\04-pokemon-game\\src\\components\\PokemonPicture.vue": {"path":"D:\\DAW\\Vue\\04-pokemon-game\\src\\components\\PokemonPicture.vue","statementMap":{"0":{"start":{"line":17,"column":19},"end":{"line":17,"column":null}},"1":{"start":{"line":33,"column":10},"end":{"line":33,"column":18}}},"fnMap":{"0":{"name":"(anonymous_0)","decl":{"start":{"line":32,"column":8},"end":{"line":32,"column":14}},"loc":{"start":{"line":32,"column":18},"end":{"line":34,"column":null}}}},"branchMap":{},"s":{"0":1,"1":1},"f":{"0":1},"b":{}}
,"D:\\DAW\\Vue\\04-pokemon-game\\src\\helpers\\getPokemonOptions.js": {"path":"D:\\DAW\\Vue\\04-pokemon-game\\src\\helpers\\getPokemonOptions.js","statementMap":{"0":{"start":{"line":3,"column":27},"end":{"line":7,"column":1}},"1":{"start":{"line":4,"column":21},"end":{"line":4,"column":45}},"2":{"start":{"line":6,"column":4},"end":{"line":6,"column":54}},"3":{"start":{"line":6,"column":42},"end":{"line":6,"column":51}},"4":{"start":{"line":9,"column":26},"end":{"line":16,"column":1}},"5":{"start":{"line":10,"column":26},"end":{"line":11,"column":42}},"6":{"start":{"line":11,"column":21},"end":{"line":11,"column":40}},"7":{"start":{"line":13,"column":21},"end":{"line":13,"column":71}},"8":{"start":{"line":15,"column":4},"end":{"line":15,"column":19}},"9":{"start":{"line":18,"column":31},"end":{"line":38,"column":1}},"10":{"start":{"line":23,"column":23},"end":{"line":28,"column":5}},"11":{"start":{"line":30,"column":31},"end":{"line":30,"column":62}},"12":{"start":{"line":32,"column":4},"end":{"line":37,"column":5}}},"fnMap":{"0":{"name":"(anonymous_0)","decl":{"start":{"line":3,"column":27},"end":{"line":3,"column":28}},"loc":{"start":{"line":3,"column":33},"end":{"line":7,"column":1}},"line":3},"1":{"name":"(anonymous_1)","decl":{"start":{"line":6,"column":25},"end":{"line":6,"column":26}},"loc":{"start":{"line":6,"column":42},"end":{"line":6,"column":51}},"line":6},"2":{"name":"(anonymous_2)","decl":{"start":{"line":9,"column":26},"end":{"line":9,"column":27}},"loc":{"start":{"line":9,"column":37},"end":{"line":16,"column":1}},"line":9},"3":{"name":"(anonymous_3)","decl":{"start":{"line":11,"column":15},"end":{"line":11,"column":16}},"loc":{"start":{"line":11,"column":21},"end":{"line":11,"column":40}},"line":11},"4":{"name":"(anonymous_4)","decl":{"start":{"line":18,"column":31},"end":{"line":18,"column":32}},"loc":{"start":{"line":18,"column":58},"end":{"line":38,"column":1}},"line":18}},"branchMap":{"0":{"loc":{"start":{"line":18,"column":38},"end":{"line":18,"column":52}},"type":"default-arg","locations":[{"start":{"line":18,"column":50},"end":{"line":18,"column":52}}],"line":18}},"s":{"0":1,"1":2,"2":2,"3":1300,"4":1,"5":1,"6":4901,"7":1,"8":1,"9":1,"10":2,"11":2,"12":2},"f":{"0":2,"1":1300,"2":1,"3":4901,"4":2},"b":{"0":[0]},"_coverageSchema":"43e27e138ebf9cfc5966b082cf9a028302ed4184","hash":"831044c95625ed5400f410c11b5efb0951469298"}
}
