TN:
SF:D:\DAW\Vue\04-pokemon-game\src\api\pokemonApi.js
FNF:0
FNH:0
DA:3,2
LF:1
LH:1
BRF:0
BRH:0
end_of_record
TN:
SF:D:\DAW\Vue\04-pokemon-game\src\components\PokemonPicture.vue
FN:32,(anonymous_0)
FNF:1
FNH:1
FNDA:1,(anonymous_0)
DA:17,1
DA:33,1
LF:2
LH:2
BRF:0
BRH:0
end_of_record
TN:
SF:D:\DAW\Vue\04-pokemon-game\src\helpers\getPokemonOptions.js
FN:3,(anonymous_0)
FN:6,(anonymous_1)
FN:9,(anonymous_2)
FN:11,(anonymous_3)
FN:18,(anonymous_4)
FNF:5
FNH:5
FNDA:2,(anonymous_0)
FNDA:1300,(anonymous_1)
FNDA:1,(anonymous_2)
FNDA:4901,(anonymous_3)
FNDA:2,(anonymous_4)
DA:3,1
DA:4,2
DA:6,1300
DA:9,1
DA:10,1
DA:11,4901
DA:13,1
DA:15,1
DA:18,1
DA:23,2
DA:30,2
DA:32,2
LF:12
LH:12
BRDA:18,0,0,0
BRF:1
BRH:0
end_of_record
